<?xml version="1.0" encoding="UTF-8"?>
<testsuite xmlns:xsi="http://www.w3.org/2001/XMLSchema-instance" xsi:noNamespaceSchemaLocation="https://maven.apache.org/surefire/maven-surefire-plugin/xsd/surefire-test-report-3.0.xsd" version="3.0" name="pl.szkolenia.comarch.CalculatorTest" time="0.035" tests="2" errors="0" skipped="1" failures="0">
  <properties>
[...]
</properties>
  <testcase name="divideTest" classname="pl.szkolenia.comarch.CalculatorTest" time="0.017"/>
  <testcase name="addTest" classname="pl.szkolenia.comarch.CalculatorTest" time="0">
    <skipped message="public void pl.szkolenia.comarch.CalculatorTest.addTest() is @Disabled"/>
  </testcase>
</testsuite>